<?xml version="1.0" encoding="UTF-8"?>
<!-- Generated by org.testng.reporters.JUnitXMLReporter -->
<testsuite ignored="0" hostname="DEVUDU" failures="5" tests="5" name="Test" time="66.039" errors="0" timestamp="2025-07-18T15:31:26 IST">
  <testcase classname="parametrizationiTestNG.Dataproviderdemo" name="login" time="14.666">
    <failure type="java.lang.AssertionError" message="Login failed for user: Admine">
      <![CDATA[java.lang.AssertionError: Login failed for user: Admine
at parametrizationiTestNG.Dataproviderdemo.login(Dataproviderdemo.java:41)
at java.base/java.util.ArrayList.forEach(ArrayList.java:1597)
... Removed 26 stack frames]]>
    </failure>
  </testcase> <!-- login -->
  <testcase classname="parametrizationiTestNG.Dataproviderdemo" name="login" time="12.583">
    <failure type="java.lang.AssertionError" message="Login failed for user: admin">
      <![CDATA[java.lang.AssertionError: Login failed for user: admin
at parametrizationiTestNG.Dataproviderdemo.login(Dataproviderdemo.java:41)
at java.base/java.util.ArrayList.forEach(ArrayList.java:1597)
... Removed 26 stack frames]]>
    </failure>
  </testcase> <!-- login -->
  <testcase classname="parametrizationiTestNG.Dataproviderdemo" name="login" time="12.226">
    <failure type="java.lang.AssertionError" message="Login failed for user: Adnun">
      <![CDATA[java.lang.AssertionError: Login failed for user: Adnun
at parametrizationiTestNG.Dataproviderdemo.login(Dataproviderdemo.java:41)
at java.base/java.util.ArrayList.forEach(ArrayList.java:1597)
... Removed 26 stack frames]]>
    </failure>
  </testcase> <!-- login -->
  <testcase classname="parametrizationiTestNG.Dataproviderdemo" name="login" time="12.159">
    <failure type="java.lang.AssertionError" message="Login failed for user: Admin">
      <![CDATA[java.lang.AssertionError: Login failed for user: Admin
at parametrizationiTestNG.Dataproviderdemo.login(Dataproviderdemo.java:41)
at java.base/java.util.ArrayList.forEach(ArrayList.java:1597)
... Removed 26 stack frames]]>
    </failure>
  </testcase> <!-- login -->
  <testcase classname="parametrizationiTestNG.Dataproviderdemo" name="login" time="12.286">
    <failure type="java.lang.AssertionError" message="Login failed for user: Admin">
      <![CDATA[java.lang.AssertionError: Login failed for user: Admin
at parametrizationiTestNG.Dataproviderdemo.login(Dataproviderdemo.java:41)
at java.base/java.util.ArrayList.forEach(ArrayList.java:1597)
... Removed 26 stack frames]]>
    </failure>
  </testcase> <!-- login -->
</testsuite> <!-- Test -->
